<?xml version="1.0" encoding="UTF-8"?>
<!-- Generated by org.testng.reporters.JUnitReportReporter -->
<testsuite skipped="0" hostname="Shyam" name="com.growgen.qa.testcases.LoginPageTest" tests="3" failures="0" timestamp="05 Aug 2020 15:23:23 GMT" time="29.819" errors="0">
  <testcase name="loginPageTitleTest" time="7.802" classname="com.growgen.qa.testcases.LoginPageTest"/>
  <testcase name="growGenLogoImageTest" time="7.287" classname="com.growgen.qa.testcases.LoginPageTest"/>
  <testcase name="loginTest" time="14.730" classname="com.growgen.qa.testcases.LoginPageTest"/>
</testsuite> <!-- com.growgen.qa.testcases.LoginPageTest -->
