<?xml version="1.0" encoding="UTF-8"?>
<!-- Generated by org.testng.reporters.JUnitReportReporter -->
<testsuite skipped="0" hostname="Shyam" name="com.growgen.qa.testcases.GrowLightsPageTest" tests="1" failures="0" timestamp="05 Aug 2020 15:30:04 GMT" time="42.239" errors="0">
  <testcase name="verifyDoubleEndedPageTest" time="42.239" classname="com.growgen.qa.testcases.GrowLightsPageTest"/>
</testsuite> <!-- com.growgen.qa.testcases.GrowLightsPageTest -->
