<?xml version="1.0" encoding="UTF-8"?>
<!-- Generated by org.testng.reporters.JUnitReportReporter -->
<testsuite skipped="0" hostname="Shyam" name="com.growgen.qa.testcases.GuestHomePageTest" tests="2" failures="0" timestamp="05 Aug 2020 10:23:09 GMT" time="17.737" errors="0">
  <testcase name="addProductToCartTest" time="0.876" classname="com.growgen.qa.testcases.GuestHomePageTest"/>
  <testcase name="addProductToCartTest" time="16.861" classname="com.growgen.qa.testcases.GuestHomePageTest"/>
</testsuite> <!-- com.growgen.qa.testcases.GuestHomePageTest -->
